 Container target-nginx Stopping 
 Container target-nginx Stopped 
 Container target-nginx Removing 
 Container target-nginx Removed 
 Container target-app Stopping 
 Container target-app Stopped 
 Container target-app Removing 
 Container target-app Removed 
 Container target-db Stopping 
 Container target-db Stopped 
 Container target-db Removing 
 Container target-db Removed 
 Network codex_default Removing 
 Volume codex_mysql_data Removing 
 Volume codex_mysql_data Removed 
 Network codex_default Removed 
 Network codex_default Creating 
 Network codex_default Created 
 Volume codex_mysql_data Creating 
 Volume codex_mysql_data Created 
 Container target-db Creating 
 Container target-db Created 
 Container target-app Creating 
 Container target-app Created 
 Container target-nginx Creating 
 Container target-nginx Created 
 Container target-db Starting 
 Container target-db Started 
 Container target-db Waiting 
 Container target-db Healthy 
 Container target-app Starting 
 Container target-app Started 
 Container target-nginx Starting 
 Container target-nginx Started 
[reset] restored baseline files and recreated the stack
